This is pdfTeXk, Version 3.141592-1.40.3 (Web2C 7.5.6) (format=pdflatex_ml 2008.8.22)  11 NOV 2013 08:24
 %&-line parsing enabled.
**&pdflatex_ml C:/swp55/temp/swp0000.tex
(c:/swp55/temp/swp0000.tex
LaTeX2e <2003/12/01>
Babel <v3.8a> and hyphenation patterns for american, english, french, german, n
german, loaded.
(c:/swp55/TCITeX/tex/latex/base/article.cls
Document Class: article 2004/02/16 v1.4f Standard LaTeX document class
(c:/swp55/TCITeX/tex/latex/base/size11.clo
File: size11.clo 2004/02/16 v1.4f Standard LaTeX file (size option)
)
\c@part=\count79
\c@section=\count80
\c@subsection=\count81
\c@subsubsection=\count82
\c@paragraph=\count83
\c@subparagraph=\count84
\c@figure=\count85
\c@table=\count86
\abovecaptionskip=\skip41
\belowcaptionskip=\skip42
\bibindent=\dimen102
)
(c:/swp55/TCITeX/tex/latex/required/graphics/graphicx.sty
Package: graphicx 1999/02/16 v1.0f Enhanced LaTeX Graphics (DPC,SPQR)

(c:/swp55/TCITeX/tex/latex/required/graphics/keyval.sty
Package: keyval 1999/03/16 v1.13 key=value parser (DPC)
\KV@toks@=\toks14
)
(c:/swp55/TCITeX/tex/latex/required/graphics/graphics.sty
Package: graphics 2001/07/07 v1.0n Standard LaTeX Graphics (DPC,SPQR)

(c:/swp55/TCITeX/tex/latex/required/graphics/trig.sty
Package: trig 1999/03/16 v1.09 sin cos tan (DPC)
)
(c:/swp55/TCITeX/tex/latex/required/graphics/graphics.cfg
File: graphics.cfg 
)
Package graphics Info: Driver file: pdftex.def on input line 80.

(c:/swp55/TCITeX/tex/latex/required/graphics/pdftex.def
File: pdftex.def 2007/01/08 v0.04d Graphics/color for pdfTeX
\Gread@gobject=\count87
))
\Gin@req@height=\dimen103
\Gin@req@width=\dimen104
)
(c:/swp55/TCITeX/tex/latex/contrib/harvard/harvard.sty
Package: harvard 

(c:/swp55/TCITeX/tex/latex/base/ifthen.sty
Package: ifthen 2001/05/26 v1.1c Standard LaTeX ifthen package (DPC)
))
(c:/swp55/TCITeX/tex/latex/amsfonts/amssymb.sty
Package: amssymb 2002/01/22 v2.2d

(c:/swp55/TCITeX/tex/latex/amsfonts/amsfonts.sty
Package: amsfonts 2001/10/25 v2.2f
\@emptytoks=\toks15
\symAMSa=\mathgroup4
\symAMSb=\mathgroup5
LaTeX Font Info:    Overwriting math alphabet `\mathfrak' in version `bold'
(Font)                  U/euf/m/n --> U/euf/b/n on input line 132.
))
(c:/swp55/TCITeX/tex/latex/contrib/setspace/setspace.sty
Package: setspace 2000/12/01 6.7 Contributed and Supported LaTeX2e package

Package: `setspace' 6.7 <2000/12/01>
) (c:/swp55/TCITeX/tex/latex/required/graphics/epsfig.sty
Package: epsfig 1999/02/16 v1.7a (e)psfig emulation (SPQR)
\epsfxsize=\dimen105
\epsfysize=\dimen106
)
(c:/swp55/TCITeX/tex/latex/amsmath/amsmath.sty
Package: amsmath 2000/07/18 v2.13 AMS math features
\@mathmargin=\skip43

For additional information on amsmath, use the `?' option.
(c:/swp55/TCITeX/tex/latex/amsmath/amstext.sty
Package: amstext 2000/06/29 v2.01

(c:/swp55/TCITeX/tex/latex/amsmath/amsgen.sty
File: amsgen.sty 1999/11/30 v2.0
\@emptytoks=\toks16
\ex@=\dimen107
))
(c:/swp55/TCITeX/tex/latex/amsmath/amsbsy.sty
Package: amsbsy 1999/11/29 v1.2d
\pmbraise@=\dimen108
)
(c:/swp55/TCITeX/tex/latex/amsmath/amsopn.sty
Package: amsopn 1999/12/14 v2.01 operator names
)
\inf@bad=\count88
LaTeX Info: Redefining \frac on input line 211.
\uproot@=\count89
\leftroot@=\count90
LaTeX Info: Redefining \overline on input line 307.
\classnum@=\count91
\DOTSCASE@=\count92
LaTeX Info: Redefining \ldots on input line 379.
LaTeX Info: Redefining \dots on input line 382.
LaTeX Info: Redefining \cdots on input line 467.
\Mathstrutbox@=\box26
\strutbox@=\box27
\big@size=\dimen109
LaTeX Font Info:    Redeclaring font encoding OML on input line 567.
LaTeX Font Info:    Redeclaring font encoding OMS on input line 568.
\macc@depth=\count93
\c@MaxMatrixCols=\count94
\dotsspace@=\muskip10
\c@parentequation=\count95
\dspbrk@lvl=\count96
\tag@help=\toks17
\row@=\count97
\column@=\count98
\maxfields@=\count99
\andhelp@=\toks18
\eqnshift@=\dimen110
\alignsep@=\dimen111
\tagshift@=\dimen112
\tagwidth@=\dimen113
\totwidth@=\dimen114
\lineht@=\dimen115
\@envbody=\toks19
\multlinegap=\skip44
\multlinetaggap=\skip45
\mathdisplay@stack=\toks20
LaTeX Info: Redefining \[ on input line 2666.
LaTeX Info: Redefining \] on input line 2667.
)
(c:/swp55/TCITeX/tex/latex/contrib/rotating/rotating.sty
Package: rotating 2009/03/28 v2.16a rotated objects in LaTeX
\c@r@tfl@t=\count100
\rotFPtop=\skip46
\rotFPbot=\skip47
\rot@float@box=\box28
\rot@mess@toks=\toks21
)
(c:/swp55/TCITeX/tex/latex/required/psnfss/mathpazo.sty
Package: mathpazo 2002/09/08 PSNFSS-v9.0a Palatino w/ Pazo Math (D.Puga, WaS) 
\symupright=\mathgroup6
)
(c:/swp55/TCITeX/tex/latex/SWmacros/tcilatex.tex
TCILATEX Macros for Scientific Word and Scientific WorkPlace 5.5 <06 Oct 2005>.

NOTICE: This macro file is NOT proprietary and may be freely copied and distrib
uted.
\msipdfoutput=\count101
\@hour=\count102
\@minute=\count103
\GRAPHICSTYPE=\count104
\@msidraft=\count105
\dispkind=\count106
\c@chapter=\count107
\theight=\dimen116
LaTeX Info: Redefining \rm on input line 653.
LaTeX Info: Redefining \sf on input line 654.
LaTeX Info: Redefining \tt on input line 655.
LaTeX Info: Redefining \bf on input line 656.
LaTeX Info: Redefining \it on input line 657.
LaTeX Info: Redefining \sl on input line 658.
LaTeX Info: Redefining \sc on input line 659.
\c@theorem=\count108
\c@axiom=\count109
\c@remark=\count110
\c@example=\count111
\c@exercise=\count112
\c@definition=\count113
\c@equationnumber=\count114
\temptoksa=\toks22
\temptoksb=\toks23
\temptoksc=\toks24
)
No file swp0000.aux.
\openout1 = `swp0000.aux'.

LaTeX Font Info:    Checking defaults for OML/cmm/m/it on input line 24.
LaTeX Font Info:    ... okay on input line 24.
LaTeX Font Info:    Checking defaults for T1/cmr/m/n on input line 24.
LaTeX Font Info:    ... okay on input line 24.
LaTeX Font Info:    Checking defaults for OT1/cmr/m/n on input line 24.
LaTeX Font Info:    ... okay on input line 24.
LaTeX Font Info:    Checking defaults for OMS/cmsy/m/n on input line 24.
LaTeX Font Info:    ... okay on input line 24.
LaTeX Font Info:    Checking defaults for OMX/cmex/m/n on input line 24.
LaTeX Font Info:    ... okay on input line 24.
LaTeX Font Info:    Checking defaults for U/cmr/m/n on input line 24.
LaTeX Font Info:    ... okay on input line 24.
LaTeX Font Info:    Try loading font information for T1+ppl on input line 24.
(c:/swp55/TCITeX/tex/latex/required/psnfss/t1ppl.fd
File: t1ppl.fd 2001/06/04 font definitions for T1/ppl.
)
LaTeX Font Info:    Font shape `T1/ppl/bx/n' in size <10.95> not available
(Font)              Font shape `T1/ppl/b/n' tried instead on input line 29.
LaTeX Font Info:    Font shape `T1/ppl/bx/n' in size <14.4> not available
(Font)              Font shape `T1/ppl/b/n' tried instead on input line 35.
LaTeX Font Info:    Font shape `T1/ppl/bx/n' in size <12> not available
(Font)              Font shape `T1/ppl/b/n' tried instead on input line 37.
LaTeX Font Info:    Try loading font information for OMS+ppl on input line 40.

(c:/swp55/TCITeX/tex/latex/required/psnfss/omsppl.fd
File: omsppl.fd 
)
LaTeX Font Info:    Font shape `OMS/ppl/m/n' in size <10.95> not available
(Font)              Font shape `OMS/cmsy/m/n' tried instead on input line 40.
LaTeX Font Info:    Try loading font information for OT1+ppl on input line 55.

(c:/swp55/TCITeX/tex/latex/required/psnfss/ot1ppl.fd
File: ot1ppl.fd 2001/06/04 font definitions for OT1/ppl.
)
LaTeX Font Info:    Try loading font information for OML+zplm on input line 55.


(c:/swp55/TCITeX/tex/latex/required/psnfss/omlzplm.fd
File: omlzplm.fd 2002/09/08 Fontinst v1.914 font definitions for OML/zplm.
)
LaTeX Font Info:    Try loading font information for OMS+zplm on input line 55.


(c:/swp55/TCITeX/tex/latex/required/psnfss/omszplm.fd
File: omszplm.fd 2002/09/08 Fontinst v1.914 font definitions for OMS/zplm.
)
LaTeX Font Info:    Try loading font information for OMX+zplm on input line 55.


(c:/swp55/TCITeX/tex/latex/required/psnfss/omxzplm.fd
File: omxzplm.fd 2002/09/08 Fontinst v1.914 font definitions for OMX/zplm.
)
LaTeX Font Info:    Font shape `U/msa/m/n' will be
(Font)              scaled to size 11.40997pt on input line 55.
LaTeX Font Info:    Font shape `U/msa/m/n' will be
(Font)              scaled to size 8.33606pt on input line 55.
LaTeX Font Info:    Font shape `U/msa/m/n' will be
(Font)              scaled to size 6.25204pt on input line 55.
LaTeX Font Info:    Font shape `U/msb/m/n' will be
(Font)              scaled to size 11.40997pt on input line 55.
LaTeX Font Info:    Font shape `U/msb/m/n' will be
(Font)              scaled to size 8.33606pt on input line 55.
LaTeX Font Info:    Font shape `U/msb/m/n' will be
(Font)              scaled to size 6.25204pt on input line 55.
LaTeX Font Info:    Try loading font information for OT1+zplm on input line 55.


(c:/swp55/TCITeX/tex/latex/required/psnfss/ot1zplm.fd
File: ot1zplm.fd 2002/09/08 Fontinst v1.914 font definitions for OT1/zplm.
) [1

{c:/swp55/TCITeX/fonts/map/pdftex/pdftex.map}] [2] [3]
<C:/swp55/temp/graphics/MVPFV503__1.pdf, id=17, 280.25302pt x 168.70929pt>
File: C:/swp55/temp/graphics/MVPFV503__1.pdf Graphic file (type pdf)

<use C:/swp55/temp/graphics/MVPFV503__1.pdf> [4]
<C:/swp55/temp/graphics/MVPFV504__2.pdf, id=23, 260.99408pt x 157.11699pt>
File: C:/swp55/temp/graphics/MVPFV504__2.pdf Graphic file (type pdf)

<use C:/swp55/temp/graphics/MVPFV504__2.pdf> [5 <c:/swp55/temp/graphics/MVPFV50
3__1.pdf> <c:/swp55/temp/graphics/MVPFV504__2.pdf>] [6] [7]
Overfull \hbox (13.44856pt too wide) in alignment at lines 450--467
 [][][] []
 []

[8] [9] [10] [11] [12] [13] [14]
Overfull \hbox (18.11652pt too wide) in paragraph at lines 854--863
[]\T1/ppl/m/n/10.95 As usual, we would like to find un-bi-ased, rel-a-tively lo
w-variance es-ti-ma-tors of these parameters$\OT1/ppl/m/n/10.95 .$
 []

[15] [16] [17]
LaTeX Font Info:    Font shape `U/msa/m/n' will be
(Font)              scaled to size 12.50409pt on input line 1005.
LaTeX Font Info:    Font shape `U/msa/m/n' will be
(Font)              scaled to size 9.37807pt on input line 1005.
LaTeX Font Info:    Font shape `U/msa/m/n' will be
(Font)              scaled to size 7.29405pt on input line 1005.
LaTeX Font Info:    Font shape `U/msb/m/n' will be
(Font)              scaled to size 12.50409pt on input line 1005.
LaTeX Font Info:    Font shape `U/msb/m/n' will be
(Font)              scaled to size 9.37807pt on input line 1005.
LaTeX Font Info:    Font shape `U/msb/m/n' will be
(Font)              scaled to size 7.29405pt on input line 1005.
 [18] [19] [20] [21] [22]
Overfull \hbox (16.74643pt too wide) in alignment at lines 1223--1235
 [][][] []
 []

[23] [24] [25] [26]
<C:/swp55/temp/graphics/MVPFV505__3.pdf, id=102, 236.00671pt x 177.50716pt>
File: C:/swp55/temp/graphics/MVPFV505__3.pdf Graphic file (type pdf)

<use C:/swp55/temp/graphics/MVPFV505__3.pdf> [27 <c:/swp55/temp/graphics/MVPFV5
05__3.pdf>] [28]
Overfull \hbox (7.81528pt too wide) in paragraph at lines 1553--1557
[]\T1/ppl/m/n/10.95 What if we wanted to say some-thing about the sign of the b
ias?  Well, note that $\OML/zplm/m/it/10.95 sign [] \OT1/zplm/m/n/10.95 =
 []

[29]
Overfull \hbox (1.77856pt too wide) in paragraph at lines 1589--1596
[]\T1/ppl/m/n/10.95 [That's be-cause the term $[][] []$ be-comes $[][] [] \OT1/
ppl/m/n/10.95 ,$ \T1/ppl/m/n/10.95 which takes
 []

[30] (./swp0000.aux) ) 
Here is how much of TeX's memory you used:
 2263 strings out of 95101
 26212 string characters out of 1183309
 82341 words of memory out of 1500000
 5295 multiletter control sequences out of 10000+50000
 45500 words of font info for 114 fonts, out of 1200000 for 2000
 22 hyphenation exceptions out of 8191
 27i,18n,24p,425b,456s stack positions out of 5000i,500n,6000p,200000b,5000s
{c:/swp55/TCITeX/fonts/type1/msbm10.enc}<c:/swp55/TCITeX/
fonts/truetype/msbm10.ttf>{c:/swp55/TCITeX/fonts/type1/cmmi10.enc}<c:/swp55/TCI
TeX/fonts/truetype/cmmi10.ttf>{c:/swp55/TCITeX/fonts/type1/cmex10.enc}<c:/swp55
/TCITeX/fonts/truetype/cmex10.ttf>{c:/swp55/TCITeX/fonts/type1/cmr10.enc}<c:/sw
p55/TCITeX/fonts/truetype/cmr10.ttf>{c:/swp55/TCITeX/fonts/type1/8r.enc}{c:/swp
55/TCITeX/fonts/type1/cmsy10.enc}<c:/swp55/TCITeX/fonts/truetype/cmsy10.ttf><c:
/swp55/TCITeX/fonts/type1/fplmr.pfb><c:/swp55/TCITeX/fonts/type1/fplmri.pfb><c:
/swp55/TCITeX/fonts/type1/uplb8a.pfb><c:/swp55/TCITeX/fonts/type1/uplr8a.pfb><c
:/swp55/TCITeX/fonts/type1/uplri8a.pfb>
Output written on swp0000.pdf (30 pages, 199369 bytes).
PDF statistics:
 162 PDF objects out of 1000 (max. 8388607)
 0 named destinations out of 1000 (max. 131072)
 16 words of extra memory for PDF output out of 10000 (max. 10000000)

