This is pdfTeX, Version 3.14159265-2.6-1.40.21 (MiKTeX 2.9.7440 64-bit) (preloaded format=pdflatex 2020.5.19)  19 MAY 2020 10:50
entering extended mode
**"./quant I, lectures 1-4.tex"
("quant I, lectures 1-4.tex"
LaTeX2e <2020-02-02> patch level 5
L3 programming layer <2020-05-15>
("C:\Program Files\MiKTeX 2.9\tex/latex/base\article.cls"
Document Class: article 2019/12/20 v1.4l Standard LaTeX document class
("C:\Program Files\MiKTeX 2.9\tex/latex/base\size11.clo"
File: size11.clo 2019/12/20 v1.4l Standard LaTeX file (size option)
)
\c@part=\count167
\c@section=\count168
\c@subsection=\count169
\c@subsubsection=\count170
\c@paragraph=\count171
\c@subparagraph=\count172
\c@figure=\count173
\c@table=\count174
\abovecaptionskip=\skip47
\belowcaptionskip=\skip48
\bibindent=\dimen134
)
(C:\Users\pje202\AppData\Roaming\MiKTeX\2.9\tex/latex/harvard\harvard.sty
Package: harvard 

("C:\Program Files\MiKTeX 2.9\tex/latex/base\ifthen.sty"
Package: ifthen 2014/09/29 v1.1c Standard LaTeX ifthen package (DPC)
))
("C:\Program Files\MiKTeX 2.9\tex/latex/amsfonts\amssymb.sty"
Package: amssymb 2013/01/14 v3.01 AMS font symbols

("C:\Program Files\MiKTeX 2.9\tex/latex/amsfonts\amsfonts.sty"
Package: amsfonts 2013/01/14 v3.01 Basic AMSFonts support
\@emptytoks=\toks15
\symAMSa=\mathgroup4
\symAMSb=\mathgroup5
LaTeX Font Info:    Redeclaring math symbol \hbar on input line 98.
LaTeX Font Info:    Overwriting math alphabet `\mathfrak' in version `bold'
(Font)                  U/euf/m/n --> U/euf/b/n on input line 106.
))
(C:\Users\pje202\AppData\Roaming\MiKTeX\2.9\tex/latex/setspace\setspace.sty
Package: setspace 2011/12/19 v6.7a set line spacing
)
("C:\Program Files\MiKTeX 2.9\tex/latex/graphics\graphics.sty"
Package: graphics 2019/11/30 v1.4a Standard LaTeX Graphics (DPC,SPQR)

("C:\Program Files\MiKTeX 2.9\tex/latex/graphics\trig.sty"
Package: trig 2016/01/03 v1.10 sin cos tan (DPC)
)
("C:\Program Files\MiKTeX 2.9\tex/latex/graphics-cfg\graphics.cfg"
File: graphics.cfg 2016/06/04 v1.11 sample graphics configuration
)
Package graphics Info: Driver file: pdftex.def on input line 105.

("C:\Program Files\MiKTeX 2.9\tex/latex/graphics-def\pdftex.def"
File: pdftex.def 2018/01/08 v1.0l Graphics/color driver for pdftex
))
("C:\Program Files\MiKTeX 2.9\tex/latex/graphics\epsfig.sty"
Package: epsfig 2017/06/25 v1.7b (e)psfig emulation (SPQR)

("C:\Program Files\MiKTeX 2.9\tex/latex/graphics\graphicx.sty"
Package: graphicx 2019/11/30 v1.2a Enhanced LaTeX Graphics (DPC,SPQR)

("C:\Program Files\MiKTeX 2.9\tex/latex/graphics\keyval.sty"
Package: keyval 2014/10/28 v1.15 key=value parser (DPC)
\KV@toks@=\toks16
)
\Gin@req@height=\dimen135
\Gin@req@width=\dimen136
)
\epsfxsize=\dimen137
\epsfysize=\dimen138
)
("C:\Program Files\MiKTeX 2.9\tex/latex/amsmath\amsmath.sty"
Package: amsmath 2020/01/20 v2.17e AMS math features
\@mathmargin=\skip49

For additional information on amsmath, use the `?' option.
("C:\Program Files\MiKTeX 2.9\tex/latex/amsmath\amstext.sty"
Package: amstext 2000/06/29 v2.01 AMS text

("C:\Program Files\MiKTeX 2.9\tex/latex/amsmath\amsgen.sty"
File: amsgen.sty 1999/11/30 v2.0 generic functions
\@emptytoks=\toks17
\ex@=\dimen139
))
("C:\Program Files\MiKTeX 2.9\tex/latex/amsmath\amsbsy.sty"
Package: amsbsy 1999/11/29 v1.2d Bold Symbols
\pmbraise@=\dimen140
)
("C:\Program Files\MiKTeX 2.9\tex/latex/amsmath\amsopn.sty"
Package: amsopn 2016/03/08 v2.02 operator names
)
\inf@bad=\count175
LaTeX Info: Redefining \frac on input line 227.
\uproot@=\count176
\leftroot@=\count177
LaTeX Info: Redefining \overline on input line 389.
\classnum@=\count178
\DOTSCASE@=\count179
LaTeX Info: Redefining \ldots on input line 486.
LaTeX Info: Redefining \dots on input line 489.
LaTeX Info: Redefining \cdots on input line 610.
\Mathstrutbox@=\box45
\strutbox@=\box46
\big@size=\dimen141
LaTeX Font Info:    Redeclaring font encoding OML on input line 733.
LaTeX Font Info:    Redeclaring font encoding OMS on input line 734.
\macc@depth=\count180
\c@MaxMatrixCols=\count181
\dotsspace@=\muskip16
\c@parentequation=\count182
\dspbrk@lvl=\count183
\tag@help=\toks18
\row@=\count184
\column@=\count185
\maxfields@=\count186
\andhelp@=\toks19
\eqnshift@=\dimen142
\alignsep@=\dimen143
\tagshift@=\dimen144
\tagwidth@=\dimen145
\totwidth@=\dimen146
\lineht@=\dimen147
\@envbody=\toks20
\multlinegap=\skip50
\multlinetaggap=\skip51
\mathdisplay@stack=\toks21
LaTeX Info: Redefining \[ on input line 2859.
LaTeX Info: Redefining \] on input line 2860.
)
("C:\Program Files\MiKTeX 2.9\tex/latex/graphics\rotating.sty"
Package: rotating 2016/08/11 v2.16d rotated objects in LaTeX
\c@r@tfl@t=\count187
\rotFPtop=\skip52
\rotFPbot=\skip53
\rot@float@box=\box47
\rot@mess@toks=\toks22
)
(C:\Users\pje202\AppData\Roaming\MiKTeX\2.9\tex/latex/psnfss\mathpazo.sty
Package: mathpazo 2020/03/25 PSNFSS-v9.3 Palatino w/ Pazo Math (D.Puga, WaS) 
\symupright=\mathgroup6
)
("C:\Program Files\MiKTeX 2.9\tex/latex/l3backend\l3backend-pdfmode.def"
File: l3backend-pdfmode.def 2020-05-05 L3 backend support: PDF mode
\l__kernel_color_stack_int=\count188
\l__pdf_internal_box=\box48
)
("quant I, lectures 1-4.aux")
\openout1 = `"quant I, lectures 1-4.aux"'.

LaTeX Font Info:    Checking defaults for OML/cmm/m/it on input line 20.
LaTeX Font Info:    ... okay on input line 20.
LaTeX Font Info:    Checking defaults for OMS/cmsy/m/n on input line 20.
LaTeX Font Info:    ... okay on input line 20.
LaTeX Font Info:    Checking defaults for OT1/cmr/m/n on input line 20.
LaTeX Font Info:    ... okay on input line 20.
LaTeX Font Info:    Checking defaults for T1/cmr/m/n on input line 20.
LaTeX Font Info:    ... okay on input line 20.
LaTeX Font Info:    Checking defaults for TS1/cmr/m/n on input line 20.
LaTeX Font Info:    ... okay on input line 20.
LaTeX Font Info:    Checking defaults for OMX/cmex/m/n on input line 20.
LaTeX Font Info:    ... okay on input line 20.
LaTeX Font Info:    Checking defaults for U/cmr/m/n on input line 20.
LaTeX Font Info:    ... okay on input line 20.
LaTeX Font Info:    Trying to load font information for OT1+ppl on input line 2
0.

(C:\Users\pje202\AppData\Roaming\MiKTeX\2.9\tex/latex/psnfss\ot1ppl.fd
File: ot1ppl.fd 2001/06/04 font definitions for OT1/ppl.
)
("C:\Program Files\MiKTeX 2.9\tex/context/base/mkii\supp-pdf.mkii"
[Loading MPS to PDF converter (version 2006.09.02).]
\scratchcounter=\count189
\scratchdimen=\dimen148
\scratchbox=\box49
\nofMPsegments=\count190
\nofMParguments=\count191
\everyMPshowfont=\toks23
\MPscratchCnt=\count192
\MPscratchDim=\dimen149
\MPnumerator=\count193
\makeMPintoPDFobject=\count194
\everyMPtoPDFconversion=\toks24
) ("C:\Program Files\MiKTeX 2.9\tex/latex/epstopdf-pkg\epstopdf-base.sty"
Package: epstopdf-base 2020-01-24 v2.11 Base part for package epstopdf
Package epstopdf-base Info: Redefining graphics rule for `.eps' on input line 4
85.
)
LaTeX Font Info:    Trying to load font information for TS1+ppl on input line 3
4.

(C:\Users\pje202\AppData\Roaming\MiKTeX\2.9\tex/latex/psnfss\ts1ppl.fd
File: ts1ppl.fd 2001/06/04 font definitions for TS1/ppl.
)
[1

{C:/Users/pje202/AppData/Local/MiKTeX/2.9/pdftex/config/pdftex.map}]
Overfull \hbox (2.61172pt too wide) in paragraph at lines 116--118
[]\OT1/ppl/m/n/10.95 Analyst's will-ing-ness to ap-ply less or more \OT1/ppl/m/
it/10.95 struc-ture \OT1/ppl/m/n/10.95 to the study of the phe-nomenon 
 []

[2] [3]
LaTeX Font Info:    Trying to load font information for OML+zplm on input line 
273.
 (C:\Users\pje202\AppData\Roaming\MiKTeX\2.9\tex/latex/psnfss\omlzplm.fd
File: omlzplm.fd 2002/09/08 Fontinst v1.914 font definitions for OML/zplm.
)
LaTeX Font Info:    Trying to load font information for OMS+zplm on input line 
273.
 (C:\Users\pje202\AppData\Roaming\MiKTeX\2.9\tex/latex/psnfss\omszplm.fd
File: omszplm.fd 2002/09/08 Fontinst v1.914 font definitions for OMS/zplm.
)
LaTeX Font Info:    Trying to load font information for OMX+zplm on input line 
273.

(C:\Users\pje202\AppData\Roaming\MiKTeX\2.9\tex/latex/psnfss\omxzplm.fd
File: omxzplm.fd 2002/09/08 Fontinst v1.914 font definitions for OMX/zplm.
)
LaTeX Font Info:    Font shape `U/msa/m/n' will be
(Font)              scaled to size 11.40997pt on input line 273.
LaTeX Font Info:    Font shape `U/msa/m/n' will be
(Font)              scaled to size 8.33606pt on input line 273.
LaTeX Font Info:    Font shape `U/msa/m/n' will be
(Font)              scaled to size 6.25204pt on input line 273.
LaTeX Font Info:    Font shape `U/msb/m/n' will be
(Font)              scaled to size 11.40997pt on input line 273.
LaTeX Font Info:    Font shape `U/msb/m/n' will be
(Font)              scaled to size 8.33606pt on input line 273.
LaTeX Font Info:    Font shape `U/msb/m/n' will be
(Font)              scaled to size 6.25204pt on input line 273.
LaTeX Font Info:    Trying to load font information for OT1+zplm on input line 
273.

(C:\Users\pje202\AppData\Roaming\MiKTeX\2.9\tex/latex/psnfss\ot1zplm.fd
File: ot1zplm.fd 2002/09/08 Fontinst v1.914 font definitions for OT1/zplm.
)
[4] [5] [6] [7] [8]
LaTeX Font Info:    Trying to load font information for OMS+ppl on input line 4
75.

(C:\Users\pje202\AppData\Roaming\MiKTeX\2.9\tex/latex/psnfss\omsppl.fd
File: omsppl.fd 
)
LaTeX Font Info:    Font shape `OMS/ppl/m/n' in size <10.95> not available
(Font)              Font shape `OMS/cmsy/m/n' tried instead on input line 475.

[9] [10] [11] [12] [13]
! Undefined control sequence.
l.758 intersection of events $A$ and $B$.:\FRAME
                                                {ftbpF}{3.8873in}{2.2286in}{...

? 

Overfull \hbox (37.6pt too wide) in alignment at lines 767--778
 [][][] []
 []

[14
Non-PDF special ignored!
<special> language "Scientific Word";type "GRAPHIC";display "USEDEF";valid_...
] [15] [16]
! Undefined control sequence.
<recently read> \FRAME 
                       
l.903 \item \FRAME
                  {ftbpF}{4.782in}{3.3931in}{0pt}{}{}{intersection.tif}{\spe...

? 

Overfull \hbox (8.95491pt too wide) in alignment at lines 937--943
 [][][] []
 []

[17
Non-PDF special ignored!
<special> language "Scientific Word";type "GRAPHIC";maintain-aspect-ratio T...
]
Overfull \hbox (44.04051pt too wide) in alignment at lines 954--959
 [][][] []
 []

! Undefined control sequence.
l.966 \FRAME
            {itbphF}{4.0938in}{2.4641in}{0in}{}{}{Figure}{\special{language
? 
[18
Non-PDF special ignored!
<special> language "Scientific Word";type "GRAPHIC";maintain-aspect-ratio T...
]
Overfull \hbox (0.36423pt too wide) in paragraph at lines 1001--1003
[]\OT1/ppl/m/n/10.95 Begin by hav-ing stu-dents write $\OML/zplm/m/it/10.95 P [
]$ \OT1/ppl/m/n/10.95 ac-cord-ing to the def-i-ni-tion of Bayes'
 []

[19]
Overfull \hbox (2.84615pt too wide) in paragraph at lines 1070--1073
[]\OT1/ppl/m/n/10.95 Consider a sam-ple space $\OML/zplm/m/it/10.95 S$ \OT1/ppl
/m/n/10.95 con-sist-ing of $\OML/zplm/m/it/10.95 n$ \OT1/ppl/m/it/10.95 equipro
b-a-ble \OT1/ppl/m/n/10.95 sim-ple events $\OML/zplm/m/it/10.95 E$ \OT1/ppl/m/n
/10.95 such that $\OML/zplm/m/it/10.95 P [] \OT1/zplm/m/n/10.95 =
 []


Overfull \hbox (2.63449pt too wide) in paragraph at lines 1075--1077
[]\OT1/ppl/m/n/10.95 Recall that we de-fine an $\OML/zplm/m/it/10.95 A$ \OT1/pp
l/m/n/10.95 as a sub-set of $\OML/zplm/m/it/10.95 S$ \OT1/ppl/m/n/10.95 -- that
 is, some sub-set of sam-ple points$ $that
 []

[20]
Overfull \hbox (10.69772pt too wide) in paragraph at lines 1116--1119
[]\OT1/ppl/m/n/10.95 Axiom 3: For any se-quence of pair-wise mu-tu-ally ex-clu-
sive events $\OML/zplm/m/it/10.95 A[]\OT1/ppl/m/n/10.95 , \OML/zplm/m/it/10.95 
A[]\OT1/ppl/m/n/10.95 , \OML/zplm/m/it/10.95 A[]$\OT1/ppl/m/n/10.95 ,...$\OML/z
plm/m/it/10.95 A[]\OT1/ppl/m/n/10.95 ,$
 []

[21] [22] [23] [24] [25]
Overfull \hbox (5.48418pt too wide) in paragraph at lines 1399--1401
[]\OT1/ppl/m/n/10.95 Now this is not a def-i-ni-tion, but rather can be proven 
based upon the def-i-ni-tion of $\OML/zplm/m/it/10.95 E [] \OT1/ppl/m/n/10.95 .
$Proof:
 []


Underfull \hbox (badness 10000) in paragraph at lines 1399--1401

 []

[26] [27] [28] [29] [30]
Overfull \hbox (7.14366pt too wide) in paragraph at lines 1638--1640
[]\OT1/ppl/m/n/10.95 A bi-no-mial ex-per-i-ment is the ob-ser-va-tion of a se-q
uence of iden-ti-cal and in-de-pen-dent Bernoulli
 []

[31] [32] [33] [34] [35]
Overfull \hbox (21.91049pt too wide) in alignment at lines 1828--1843
 [][][] []
 []

[36]
! Undefined control sequence.
l.1889 \FRAME
             {ftbpF}{4.5637in}{3.2055in}{0pt}{}{}{Figure}{\special{language
? 
[37
Non-PDF special ignored!
<special> language "Scientific Word";type "GRAPHIC";maintain-aspect-ratio T...
]
! Undefined control sequence.
l.1941 \FRAME
             {ftbpF}{4.181in}{2.6501in}{0pt}{}{}{Figure}{\special{language
? 
[38
Non-PDF special ignored!
<special> language "Scientific Word";type "GRAPHIC";maintain-aspect-ratio T...
] [39] [40]
! Undefined control sequence.
l.2060 a$ and $b$ to the thetas):\FRAME
                                       {ftbpF}{3.3831in}{1.9709in}{0pt}{}{}{...

? 

Overfull \hbox (137.22897pt too wide) in paragraph at lines 2059--2066
[]\OT1/ppl/m/n/10.95 We can rep-re-sent the den-sity func-tion of such an RV li
ke this (change $\OML/zplm/m/it/10.95 a$ \OT1/ppl/m/n/10.95 and $\OML/zplm/m/it
/10.95 b$ \OT1/ppl/m/n/10.95 to the thetas):ftbpF3.3831in1.9709in0ptFigure[] 
 []

[41
Non-PDF special ignored!
<special> language "Scientific Word";type "GRAPHIC";maintain-aspect-ratio T...
] [42] [43] [44] [45] ("quant I, lectures 1-4.aux") ) 
Here is how much of TeX's memory you used:
 2786 strings out of 480799
 36615 string characters out of 2905525
 275363 words of memory out of 3000000
 18732 multiletter control sequences out of 15000+200000
 557303 words of font info for 92 fonts, out of 3000000 for 9000
 1141 hyphenation exceptions out of 8191
 33i,11n,31p,285b,358s stack positions out of 5000i,500n,10000p,200000b,50000s
{C:/Program Files/MiKTeX 2
.9/fonts/enc/dvips/base/8r.enc}<C:/Program Files/MiKTeX 2.9/fonts/type1/public/
amsfonts/cm/cmex10.pfb><C:/Program Files/MiKTeX 2.9/fonts/type1/public/amsfonts
/cm/cmmi10.pfb><C:/Program Files/MiKTeX 2.9/fonts/type1/public/amsfonts/cm/cmr1
0.pfb><C:/Program Files/MiKTeX 2.9/fonts/type1/public/amsfonts/cm/cmsy10.pfb><C
:/Program Files/MiKTeX 2.9/fonts/type1/public/amsfonts/cm/cmtt10.pfb><C:/Users/
pje202/AppData/Roaming/MiKTeX/2.9/fonts/type1/public/mathpazo/fplmr.pfb><C:/Use
rs/pje202/AppData/Roaming/MiKTeX/2.9/fonts/type1/public/mathpazo/fplmri.pfb><C:
/Program Files/MiKTeX 2.9/fonts/type1/public/amsfonts/symbols/msam10.pfb><C:/Pr
ogram Files/MiKTeX 2.9/fonts/type1/public/amsfonts/symbols/msbm10.pfb><C:/Progr
am Files/MiKTeX 2.9/fonts/type1/urw/palatino/uplb8a.pfb><C:/Program Files/MiKTe
X 2.9/fonts/type1/urw/palatino/uplbi8a.pfb><C:/Program Files/MiKTeX 2.9/fonts/t
ype1/urw/palatino/uplr8a.pfb><C:/Program Files/MiKTeX 2.9/fonts/type1/urw/palat
ino/uplri8a.pfb>
Output written on "quant I, lectures 1-4.pdf" (45 pages, 243664 bytes).
PDF statistics:
 201 PDF objects out of 1000 (max. 8388607)
 0 named destinations out of 1000 (max. 500000)
 1 words of extra memory for PDF output out of 10000 (max. 10000000)

