This is pdfTeXk, Version 3.141592-1.40.3 (Web2C 7.5.6) (format=pdflatex_ml 2008.8.22)  6 AUG 2013 15:20
 %&-line parsing enabled.
**&pdflatex_ml C:/swp55/temp/swp0002.tex
(c:/swp55/temp/swp0002.tex
LaTeX2e <2003/12/01>
Babel <v3.8a> and hyphenation patterns for american, english, french, german, n
german, loaded.
(c:/swp55/TCITeX/tex/latex/base/article.cls
Document Class: article 2004/02/16 v1.4f Standard LaTeX document class
(c:/swp55/TCITeX/tex/latex/base/size11.clo
File: size11.clo 2004/02/16 v1.4f Standard LaTeX file (size option)
)
\c@part=\count79
\c@section=\count80
\c@subsection=\count81
\c@subsubsection=\count82
\c@paragraph=\count83
\c@subparagraph=\count84
\c@figure=\count85
\c@table=\count86
\abovecaptionskip=\skip41
\belowcaptionskip=\skip42
\bibindent=\dimen102
)
(c:/swp55/TCITeX/tex/latex/amsmath/amsmath.sty
Package: amsmath 2000/07/18 v2.13 AMS math features
\@mathmargin=\skip43

For additional information on amsmath, use the `?' option.
(c:/swp55/TCITeX/tex/latex/amsmath/amstext.sty
Package: amstext 2000/06/29 v2.01

(c:/swp55/TCITeX/tex/latex/amsmath/amsgen.sty
File: amsgen.sty 1999/11/30 v2.0
\@emptytoks=\toks14
\ex@=\dimen103
))
(c:/swp55/TCITeX/tex/latex/amsmath/amsbsy.sty
Package: amsbsy 1999/11/29 v1.2d
\pmbraise@=\dimen104
)
(c:/swp55/TCITeX/tex/latex/amsmath/amsopn.sty
Package: amsopn 1999/12/14 v2.01 operator names
)
\inf@bad=\count87
LaTeX Info: Redefining \frac on input line 211.
\uproot@=\count88
\leftroot@=\count89
LaTeX Info: Redefining \overline on input line 307.
\classnum@=\count90
\DOTSCASE@=\count91
LaTeX Info: Redefining \ldots on input line 379.
LaTeX Info: Redefining \dots on input line 382.
LaTeX Info: Redefining \cdots on input line 467.
\Mathstrutbox@=\box26
\strutbox@=\box27
\big@size=\dimen105
LaTeX Font Info:    Redeclaring font encoding OML on input line 567.
LaTeX Font Info:    Redeclaring font encoding OMS on input line 568.
\macc@depth=\count92
\c@MaxMatrixCols=\count93
\dotsspace@=\muskip10
\c@parentequation=\count94
\dspbrk@lvl=\count95
\tag@help=\toks15
\row@=\count96
\column@=\count97
\maxfields@=\count98
\andhelp@=\toks16
\eqnshift@=\dimen106
\alignsep@=\dimen107
\tagshift@=\dimen108
\tagwidth@=\dimen109
\totwidth@=\dimen110
\lineht@=\dimen111
\@envbody=\toks17
\multlinegap=\skip44
\multlinetaggap=\skip45
\mathdisplay@stack=\toks18
LaTeX Info: Redefining \[ on input line 2666.
LaTeX Info: Redefining \] on input line 2667.
)
(c:/swp55/TCITeX/tex/latex/SWmacros/sw20exm1.sty
TCI Document Style `sw20exm1' <1 July 1994>.
NOTICE: This macro file is NOT proprietary and may be freely copied and distrib
uted.
(c:/swp55/TCITeX/tex/latex/SWmacros/thmsupp.tex
TCI Theorem Support for Scientific Word <1 July 1994>.
NOTICE: This macro file is NOT proprietary and may be freely copied and distrib
uted.
)) (c:/swp55/TCITeX/tex/latex/required/psnfss/mathpazo.sty
Package: mathpazo 2002/09/08 PSNFSS-v9.0a Palatino w/ Pazo Math (D.Puga, WaS) 
\symupright=\mathgroup4
)
\c@theorem=\count99

(c:/swp55/TCITeX/tex/latex/SWmacros/tcilatex.tex
TCILATEX Macros for Scientific Word and Scientific WorkPlace 5.5 <06 Oct 2005>.

NOTICE: This macro file is NOT proprietary and may be freely copied and distrib
uted.
\msipdfoutput=\count100
\@hour=\count101
\@minute=\count102
\GRAPHICSTYPE=\count103
\@msidraft=\count104
\dispkind=\count105
\c@chapter=\count106
\theight=\dimen112
LaTeX Info: Redefining \rm on input line 653.
LaTeX Info: Redefining \sf on input line 654.
LaTeX Info: Redefining \tt on input line 655.
LaTeX Info: Redefining \bf on input line 656.
LaTeX Info: Redefining \it on input line 657.
LaTeX Info: Redefining \sl on input line 658.
LaTeX Info: Redefining \sc on input line 659.
\c@equationnumber=\count107
\temptoksa=\toks19
\temptoksb=\toks20
\temptoksc=\toks21
)
No file swp0002.aux.
\openout1 = `swp0002.aux'.

LaTeX Font Info:    Checking defaults for OML/cmm/m/it on input line 69.
LaTeX Font Info:    ... okay on input line 69.
LaTeX Font Info:    Checking defaults for T1/cmr/m/n on input line 69.
LaTeX Font Info:    ... okay on input line 69.
LaTeX Font Info:    Checking defaults for OT1/cmr/m/n on input line 69.
LaTeX Font Info:    ... okay on input line 69.
LaTeX Font Info:    Checking defaults for OMS/cmsy/m/n on input line 69.
LaTeX Font Info:    ... okay on input line 69.
LaTeX Font Info:    Checking defaults for OMX/cmex/m/n on input line 69.
LaTeX Font Info:    ... okay on input line 69.
LaTeX Font Info:    Checking defaults for U/cmr/m/n on input line 69.
LaTeX Font Info:    ... okay on input line 69.
LaTeX Font Info:    Try loading font information for T1+ppl on input line 69.
(c:/swp55/TCITeX/tex/latex/required/psnfss/t1ppl.fd
File: t1ppl.fd 2001/06/04 font definitions for T1/ppl.
)
LaTeX Font Info:    Font shape `T1/ppl/bx/n' in size <10.95> not available
(Font)              Font shape `T1/ppl/b/n' tried instead on input line 73.
LaTeX Font Info:    Try loading font information for OT1+ppl on input line 91.

(c:/swp55/TCITeX/tex/latex/required/psnfss/ot1ppl.fd
File: ot1ppl.fd 2001/06/04 font definitions for OT1/ppl.
)
LaTeX Font Info:    Try loading font information for OML+zplm on input line 91.


(c:/swp55/TCITeX/tex/latex/required/psnfss/omlzplm.fd
File: omlzplm.fd 2002/09/08 Fontinst v1.914 font definitions for OML/zplm.
)
LaTeX Font Info:    Try loading font information for OMS+zplm on input line 91.


(c:/swp55/TCITeX/tex/latex/required/psnfss/omszplm.fd
File: omszplm.fd 2002/09/08 Fontinst v1.914 font definitions for OMS/zplm.
)
LaTeX Font Info:    Try loading font information for OMX+zplm on input line 91.


(c:/swp55/TCITeX/tex/latex/required/psnfss/omxzplm.fd
File: omxzplm.fd 2002/09/08 Fontinst v1.914 font definitions for OMX/zplm.
)
LaTeX Font Info:    Try loading font information for OT1+zplm on input line 91.


(c:/swp55/TCITeX/tex/latex/required/psnfss/ot1zplm.fd
File: ot1zplm.fd 2002/09/08 Fontinst v1.914 font definitions for OT1/zplm.
) [1

{c:/swp55/TCITeX/fonts/map/pdftex/pdftex.map}]
LaTeX Font Info:    Try loading font information for OMS+ppl on input line 179.

 (c:/swp55/TCITeX/tex/latex/required/psnfss/omsppl.fd
File: omsppl.fd 
)
LaTeX Font Info:    Font shape `OMS/ppl/m/n' in size <10.95> not available
(Font)              Font shape `OMS/cmsy/m/n' tried instead on input line 179.

[2] (./swp0002.aux) ) 
Here is how much of TeX's memory you used:
 1340 strings out of 95101
 14796 string characters out of 1183309
 65312 words of memory out of 1500000
 4434 multiletter control sequences out of 10000+50000
 23624 words of font info for 61 fonts, out of 1200000 for 2000
 22 hyphenation exceptions out of 8191
 27i,14n,20p,293b,362s stack positions out of 5000i,500n,6000p,200000b,5000s
{c:/swp55/TCITeX/fonts/type1/cmsy10.enc}<c:/swp55/TCITeX/f
onts/truetype/cmsy10.ttf>{c:/swp55/TCITeX/fonts/type1/cmex10.enc}<c:/swp55/TCIT
eX/fonts/truetype/cmex10.ttf>{c:/swp55/TCITeX/fonts/type1/cmr10.enc}<c:/swp55/T
CITeX/fonts/truetype/cmr10.ttf>{c:/swp55/TCITeX/fonts/type1/8r.enc}<c:/swp55/TC
ITeX/fonts/type1/fplmri.pfb><c:/swp55/TCITeX/fonts/type1/uplb8a.pfb><c:/swp55/T
CITeX/fonts/type1/uplr8a.pfb><c:/swp55/TCITeX/fonts/type1/uplri8a.pfb>
Output written on swp0002.pdf (2 pages, 73015 bytes).
PDF statistics:
 38 PDF objects out of 1000 (max. 8388607)
 0 named destinations out of 1000 (max. 131072)
 1 words of extra memory for PDF output out of 10000 (max. 10000000)

